<?xml version="1.0" encoding="UTF-8"?>
<testng-results skipped="0" failed="0" ignored="0" total="1" passed="1">
  <reporter-output>
  </reporter-output>
  <suite name="Default suite" duration-ms="29761" started-at="2018-03-26T12:10:25Z" finished-at="2018-03-26T12:10:55Z">
    <groups>
    </groups>
    <test name="Default test" duration-ms="29761" started-at="2018-03-26T12:10:25Z" finished-at="2018-03-26T12:10:55Z">
      <class name="com.alphonso.tests.LoginTest">
        <test-method status="PASS" signature="precondition()[pri:0, instance:com.alphonso.tests.LoginTest@76b0bfab]" name="precondition" is-config="true" duration-ms="21418" started-at="2018-03-26T12:10:25Z" finished-at="2018-03-26T12:10:47Z">
          <reporter-output>
          </reporter-output>
        </test-method> <!-- precondition -->
        <test-method status="PASS" signature="login()[pri:1, instance:com.alphonso.tests.LoginTest@76b0bfab]" name="login" duration-ms="8324" started-at="2018-03-26T12:10:47Z" finished-at="2018-03-26T12:10:55Z">
          <reporter-output>
          </reporter-output>
        </test-method> <!-- login -->
      </class> <!-- com.alphonso.tests.LoginTest -->
    </test> <!-- Default test -->
  </suite> <!-- Default suite -->
</testng-results>
